<?xml version="1.0" encoding="UTF-8"?>
<testsuite xmlns:xsi="http://www.w3.org/2001/XMLSchema-instance" xsi:noNamespaceSchemaLocation="https://maven.apache.org/surefire/maven-surefire-plugin/xsd/surefire-test-report.xsd" name="gittestgrp.TestGit" time="8.312" tests="6" errors="0" skipped="0" failures="0">
  <properties>
[...]
</properties>
  <testcase name="test1" classname="gittestgrp.TestGit" time="0.314"/>
  <testcase name="test2" classname="gittestgrp.TestGit" time="0.295"/>
  <testcase name="test3" classname="gittestgrp.TestGit" time="1.532"/>
  <testcase name="test4" classname="gittestgrp.TestGit" time="0.298"/>
  <testcase name="test5" classname="gittestgrp.TestGit" time="2.291"/>
  <testcase name="test6" classname="gittestgrp.TestGit" time="0.323"/>
</testsuite>